e:\gamedev-intro-tutorials-master\05-scencemanager\debug\vc142.pdb
e:\gamedev-intro-tutorials-master\05-scencemanager\debug\vc142.idb
e:\gamedev-intro-tutorials-master\05-scencemanager\debug\textures.obj
e:\gamedev-intro-tutorials-master\05-scencemanager\debug\sprites.obj
e:\gamedev-intro-tutorials-master\05-scencemanager\debug\scence.obj
e:\gamedev-intro-tutorials-master\05-scencemanager\debug\playscence.obj
e:\gamedev-intro-tutorials-master\05-scencemanager\debug\mario.obj
e:\gamedev-intro-tutorials-master\05-scencemanager\debug\main.obj
e:\gamedev-intro-tutorials-master\05-scencemanager\debug\goomba.obj
e:\gamedev-intro-tutorials-master\05-scencemanager\debug\gameobject.obj
e:\gamedev-intro-tutorials-master\05-scencemanager\debug\game.obj
e:\gamedev-intro-tutorials-master\05-scencemanager\debug\utils.obj
e:\gamedev-intro-tutorials-master\05-scencemanager\debug\portal.obj
e:\gamedev-intro-tutorials-master\05-scencemanager\debug\koopas.obj
e:\gamedev-intro-tutorials-master\05-scencemanager\debug\brick.obj
e:\gamedev-intro-tutorials-master\05-scencemanager\debug\block.obj
e:\gamedev-intro-tutorials-master\05-scencemanager\debug\animations.obj
e:\gamedev-intro-tutorials-master\05-scencemanager\debug\05-scencemanager.tlog\cl.command.1.tlog
e:\gamedev-intro-tutorials-master\05-scencemanager\debug\05-scencemanager.tlog\cl.read.1.tlog
e:\gamedev-intro-tutorials-master\05-scencemanager\debug\05-scencemanager.tlog\cl.write.1.tlog
