  Animations.cpp
  Block.cpp
  Brick.cpp
  FloatingWood.cpp
E:\gamedev-intro-tutorials-master\05-ScenceManager\Mario.h(3,10): fatal error C1083: Cannot open include file: 'FireBullet.h': No such file or directory
  IntroObject.cpp
E:\gamedev-intro-tutorials-master\05-ScenceManager\Mario.h(3,10): fatal error C1083: Cannot open include file: 'FireBullet.h': No such file or directory
  IntroScene.cpp
E:\gamedev-intro-tutorials-master\05-ScenceManager\Mario.h(3,10): fatal error C1083: Cannot open include file: 'FireBullet.h': No such file or directory
  Koopas.cpp
E:\gamedev-intro-tutorials-master\05-ScenceManager\Mario.h(3,10): fatal error C1083: Cannot open include file: 'FireBullet.h': No such file or directory
  Leaf.cpp
E:\gamedev-intro-tutorials-master\05-ScenceManager\Mario.h(3,10): fatal error C1083: Cannot open include file: 'FireBullet.h': No such file or directory
  Portal.cpp
E:\gamedev-intro-tutorials-master\05-ScenceManager\Portal.cpp(9,16): warning C4244: '=': conversion from 'float' to 'int', possible loss of data
E:\gamedev-intro-tutorials-master\05-ScenceManager\Portal.cpp(10,17): warning C4244: '=': conversion from 'float' to 'int', possible loss of data
  Tail.cpp
E:\gamedev-intro-tutorials-master\05-ScenceManager\Tail.h(18,51): warning C4244: '=': conversion from 'ULONGLONG' to 'DWORD', possible loss of data
E:\gamedev-intro-tutorials-master\05-ScenceManager\Mario.h(3,10): fatal error C1083: Cannot open include file: 'FireBullet.h': No such file or directory
  Utils.cpp
  Game.cpp
E:\gamedev-intro-tutorials-master\05-ScenceManager\Mario.h(3,10): fatal error C1083: Cannot open include file: 'FireBullet.h': No such file or directory
  GameObject.cpp
  Goomba.cpp
E:\gamedev-intro-tutorials-master\05-ScenceManager\Mario.h(3,10): fatal error C1083: Cannot open include file: 'FireBullet.h': No such file or directory
  main.cpp
E:\gamedev-intro-tutorials-master\05-ScenceManager\Mario.h(3,10): fatal error C1083: Cannot open include file: 'FireBullet.h': No such file or directory
  Mario.cpp
E:\gamedev-intro-tutorials-master\05-ScenceManager\Mario.h(3,10): fatal error C1083: Cannot open include file: 'FireBullet.h': No such file or directory
  PlayScence.cpp
E:\gamedev-intro-tutorials-master\05-ScenceManager\Mario.h(3,10): fatal error C1083: Cannot open include file: 'FireBullet.h': No such file or directory
  Scence.cpp
  Sprites.cpp
  Textures.cpp
  Generating Code...
